<?xml version="1.0" encoding="UTF-8"?>
<testng-results ignored="0" total="1" passed="1" failed="0" skipped="0">
  <reporter-output>
  </reporter-output>
  <suite started-at="2025-02-04T17:42:24 IST" name="Default suite" finished-at="2025-02-04T17:43:17 IST" duration-ms="52499">
    <groups>
    </groups>
    <test started-at="2025-02-04T17:42:24 IST" name="Default test" finished-at="2025-02-04T17:43:17 IST" duration-ms="52499">
      <class name="selenium_Scripts.FisGlobal_Automation">
        <test-method signature="verifyItemsInCart()[pri:0, instance:selenium_Scripts.FisGlobal_Automation@306e95ec]" started-at="2025-02-04T17:42:24 IST" name="verifyItemsInCart" finished-at="2025-02-04T17:43:17 IST" duration-ms="52402" status="PASS">
          <reporter-output>
          </reporter-output>
        </test-method> <!-- verifyItemsInCart -->
      </class> <!-- selenium_Scripts.FisGlobal_Automation -->
    </test> <!-- Default test -->
  </suite> <!-- Default suite -->
</testng-results>
