<?xml version="1.0" encoding="UTF-8"?>
<testng-results ignored="0" total="1" passed="1" failed="0" skipped="0">
  <reporter-output>
    <line>
      <![CDATA[API automation passed.]]>
    </line>
  </reporter-output>
  <suite started-at="2025-02-04T19:21:13 IST" name="Default suite" finished-at="2025-02-04T19:21:18 IST" duration-ms="4897">
    <groups>
    </groups>
    <test started-at="2025-02-04T19:21:13 IST" name="Default test" finished-at="2025-02-04T19:21:18 IST" duration-ms="4897">
      <class name="api_Scripts.FisGlobal_API_Automation">
        <test-method signature="verifyDescriptionOfGBP()[pri:0, instance:api_Scripts.FisGlobal_API_Automation@7c24b813]" started-at="2025-02-04T19:21:13 IST" name="verifyDescriptionOfGBP" finished-at="2025-02-04T19:21:18 IST" duration-ms="4809" status="PASS">
          <reporter-output>
            <line>
              <![CDATA[API automation passed.]]>
            </line>
          </reporter-output>
        </test-method> <!-- verifyDescriptionOfGBP -->
      </class> <!-- api_Scripts.FisGlobal_API_Automation -->
    </test> <!-- Default test -->
  </suite> <!-- Default suite -->
</testng-results>
